2012-11-07T20:31:12+01:00 DEBUG (7): Install Software
2012-11-07T20:33:39+01:00 DEBUG (7): Install Software #4
2012-11-07T20:44:26+01:00 DEBUG (7): Install Software #4
2012-11-07T21:48:42+01:00 DEBUG (7): Install Software #4
2012-11-07T21:50:45+01:00 DEBUG (7): Install Software #4
2012-11-07T21:51:38+01:00 DEBUG (7): Install Software #4
2012-11-07T21:51:41+01:00 DEBUG (7): Install Software #4
2012-11-07T21:53:52+01:00 DEBUG (7): Install Software #4
2012-11-07T21:55:13+01:00 DEBUG (7): Install Software #4
2012-11-07T21:56:14+01:00 DEBUG (7): Install Software #4
2012-11-07T21:56:53+01:00 DEBUG (7): Install Software #4
2012-11-07T21:57:14+01:00 DEBUG (7): Install Software #4
2012-11-07T21:57:26+01:00 DEBUG (7): Install Software #4
2012-11-07T21:58:35+01:00 DEBUG (7): Install Software #4
2012-11-07T21:59:16+01:00 DEBUG (7): Install Software #4
2012-11-07T22:00:18+01:00 DEBUG (7): Install Software #4
2012-11-07T22:03:54+01:00 DEBUG (7): Install Software #4
2012-11-07T22:07:56+01:00 DEBUG (7): Install Software #4
2012-11-07T22:09:00+01:00 DEBUG (7): Install Software #4
2012-11-07T22:10:40+01:00 DEBUG (7): Install Software #4
2012-11-07T22:11:32+01:00 DEBUG (7): Install Software #2
2012-11-07T22:15:48+01:00 DEBUG (7): Create user: bwayne
2012-11-08T21:20:07+01:00 DEBUG (7): Delete website user: 
2012-11-08T21:20:50+01:00 DEBUG (7): Delete website user: sgondouin
2012-11-08T21:25:46+01:00 DEBUG (7): Create user: bwayne
2012-11-08T21:26:09+01:00 DEBUG (7): Delete website user: bwayne
2012-11-08T21:26:54+01:00 DEBUG (7): Delete website user: bwayne
2012-11-08T21:28:22+01:00 DEBUG (7): Delete website user: bwayne
2012-11-08T21:28:57+01:00 DEBUG (7): Delete website user: bwayne
2012-11-08T21:29:20+01:00 DEBUG (7): Delete website user: bwayne
2012-11-08T21:32:00+01:00 DEBUG (7): Delete website user: bwayne
2012-11-08T21:32:48+01:00 DEBUG (7): Delete website user: bwayne
2012-11-08T21:36:37+01:00 DEBUG (7): Delete website user: bwayne
2012-11-08T21:37:19+01:00 DEBUG (7): Delete website user: bwayne
2012-11-08T21:37:43+01:00 DEBUG (7): Delete website user: bwayne
2012-11-08T21:38:20+01:00 DEBUG (7): Delete website user: bwayne
2012-11-08T21:39:03+01:00 DEBUG (7): Delete website user: bwayne
2012-11-08T23:55:56+01:00 DEBUG (7): Delete website user: bwayne
2012-11-16T22:19:48+01:00 DEBUG (7): Create user: bwayne
2012-11-16T22:23:59+01:00 DEBUG (7): Create user: bwayne
2012-11-16T22:24:54+01:00 DEBUG (7): Create user: bwayne
2012-11-16T22:25:13+01:00 DEBUG (7): Create user: bwayne
2012-11-16T22:27:08+01:00 DEBUG (7): Create user: bwayne
2012-11-16T22:30:39+01:00 DEBUG (7): Create user: bwayne
2012-11-16T22:32:27+01:00 DEBUG (7): Create user: bwayne
2012-11-16T22:32:42+01:00 DEBUG (7): Create user: bwayne
2012-11-16T22:34:22+01:00 DEBUG (7): Create user: bwayne
2012-11-16T22:39:18+01:00 DEBUG (7): Create user: bwayne
2012-11-16T22:39:35+01:00 DEBUG (7): Create user: bwayne
2012-11-16T22:44:04+01:00 DEBUG (7): Create user: bwayne
2012-11-16T22:46:45+01:00 DEBUG (7): Create user: bwayne
2012-11-16T22:49:43+01:00 DEBUG (7): Create user: bwayne
2012-11-16T22:50:25+01:00 DEBUG (7): Create user: bwayne
2012-11-16T22:56:00+01:00 DEBUG (7): Create user: bwayne
2012-11-16T22:56:48+01:00 DEBUG (7): Create user: bwayne
2012-11-16T22:57:05+01:00 DEBUG (7): Create user: bwayne
2012-11-16T22:57:37+01:00 DEBUG (7): Create user: bwayne
2012-11-16T22:57:57+01:00 DEBUG (7): Create user: bwayne
2012-11-16T22:59:14+01:00 DEBUG (7): Create user: bwayne
2012-11-16T22:59:41+01:00 DEBUG (7): Create user: bwayne
2012-11-16T23:00:31+01:00 DEBUG (7): Create user: bwayne
2012-11-16T23:02:09+01:00 DEBUG (7): Create user: bwayne
2012-11-16T23:02:57+01:00 DEBUG (7): Create user: bwayne
2012-11-16T23:07:31+01:00 DEBUG (7): Create user: bwayne
2012-11-16T23:09:08+01:00 DEBUG (7): Create user: bwayne
2012-11-16T23:12:18+01:00 DEBUG (7): Create user: bwayne
2012-11-16T23:13:27+01:00 DEBUG (7): Create user: bwayne
2012-11-16T23:14:50+01:00 DEBUG (7): Create user: bwayne
2012-11-16T23:15:16+01:00 DEBUG (7): Create user: bwayne
2012-11-16T23:16:10+01:00 DEBUG (7): Create user: bwayne
2012-11-16T23:16:45+01:00 DEBUG (7): Create user: bwayne
2012-11-16T23:16:49+01:00 DEBUG (7): Create user: bwayne
2012-11-16T23:17:08+01:00 DEBUG (7): Create user: bwayne
2012-11-16T23:18:14+01:00 DEBUG (7): Create user: bwayne
2012-11-17T09:57:45+01:00 DEBUG (7): Create user: bwayne
2012-11-17T09:58:33+01:00 DEBUG (7): Create user: bwayne
2012-11-17T10:04:46+01:00 DEBUG (7): Create user: bwayne
2012-11-17T10:05:46+01:00 DEBUG (7): Create user: bwayne
2012-11-17T10:06:36+01:00 DEBUG (7): Create user: bwayne
2012-11-17T10:07:40+01:00 DEBUG (7): Create user: bwayne
2012-11-17T10:08:16+01:00 DEBUG (7): Create user: bwayne
2012-11-17T10:09:17+01:00 DEBUG (7): Create user: bwayne
2012-11-17T10:10:01+01:00 DEBUG (7): Create user: bwayne
2012-11-17T10:11:01+01:00 DEBUG (7): Create user: bwayne
2012-11-17T10:12:10+01:00 DEBUG (7): Create user: bwayne
2012-11-17T10:13:47+01:00 DEBUG (7): Create user: bwayne
2012-11-17T10:16:29+01:00 DEBUG (7): Create user: bwayne
2012-11-17T10:17:23+01:00 DEBUG (7): Create user: bwayne
2012-11-17T10:17:48+01:00 DEBUG (7): Create user: bwayne
2012-11-17T10:21:39+01:00 DEBUG (7): Create user: bwayne
2012-11-17T10:24:37+01:00 DEBUG (7): Create user: bwayne
2012-11-17T10:29:07+01:00 DEBUG (7): Create user: bwayne
2012-11-17T10:34:59+01:00 DEBUG (7): Create user: bwayne
2012-11-17T10:36:22+01:00 DEBUG (7): Create user: bwayne
2012-11-17T10:37:34+01:00 DEBUG (7): Create user: bwayne
2012-11-17T10:38:12+01:00 DEBUG (7): Create user: bwayne
2012-11-17T10:38:29+01:00 DEBUG (7): Create user: bwayne
2012-11-17T10:43:33+01:00 DEBUG (7): Create user: bwayne
2012-11-17T10:46:35+01:00 DEBUG (7): Create user: bwayne
2012-11-17T10:49:36+01:00 DEBUG (7): Create user: bwayne
2012-11-17T10:51:16+01:00 DEBUG (7): Create user: bwayne
2012-11-17T10:54:33+01:00 DEBUG (7): Create user: bwayne
2012-11-17T10:58:15+01:00 DEBUG (7): Create user: bwayne
2012-11-17T10:58:41+01:00 DEBUG (7): Create user: bwayne
2012-11-17T11:00:11+01:00 DEBUG (7): Create user: bwayne
2012-11-17T11:04:38+01:00 DEBUG (7): Create user: bwayne
2012-11-17T11:06:57+01:00 DEBUG (7): Create user: bwayne
